{"uuid":"9588a696-5cef-403f-88cd-5559043e3644","historyId":"d9a1b201db21c2ebf9d5170662a0b9db","testCaseId":"[engine:junit-jupiter]/[class:TestDesign]/[method:successfulLoginWithValidCredentials()]","testCaseName":"Успешная авторизация с валидными данными","fullName":"TestDesign.successfulLoginWithValidCredentials","labels":[{"name":"tag","value":"smoke"},{"name":"tag","value":"regression"},{"name":"junit.platform.uniqueid","value":"[engine:junit-jupiter]/[class:TestDesign]/[method:successfulLoginWithValidCredentials()]"},{"name":"host","value":"DESKTOP-A4EDTC5"},{"name":"thread","value":"13688@DESKTOP-A4EDTC5.main(1)"},{"name":"framework","value":"junit-platform"},{"name":"language","value":"java"},{"name":"package","value":"TestDesign"},{"name":"testClass","value":"TestDesign"},{"name":"testMethod","value":"successfulLoginWithValidCredentials"},{"name":"suite","value":"TestDesign"}],"links":[],"name":"Успешная авторизация с валидными данными","status":"broken","statusDetails":{"known":false,"muted":false,"flaky":false,"message":"Error {\n  message='Protocol error (Page.navigate): Cannot navigate to invalid URL\n  name='Error\n  stack='Error: Protocol error (Page.navigate): Cannot navigate to invalid URL\n    at C:\\Users\\Aletca\\AppData\\Local\\Temp\\playwright-java-9941688918974833216\\package\\lib\\server\\chromium\\crConnection.js:135:16\n    at new Promise (<anonymous>)\n    at CRSession.send (C:\\Users\\Aletca\\AppData\\Local\\Temp\\playwright-java-9941688918974833216\\package\\lib\\server\\chromium\\crConnection.js:131:12)\n    at FrameSession._navigate (C:\\Users\\Aletca\\AppData\\Local\\Temp\\playwright-java-9941688918974833216\\package\\lib\\server\\chromium\\crPage.js:502:41)\n    at CRPage.navigateFrame (C:\\Users\\Aletca\\AppData\\Local\\Temp\\playwright-java-9941688918974833216\\package\\lib\\server\\chromium\\crPage.js:157:41)\n    at Frame._gotoAction (C:\\Users\\Aletca\\AppData\\Local\\Temp\\playwright-java-9941688918974833216\\package\\lib\\server\\frames.js:534:55)\n    at C:\\Users\\Aletca\\AppData\\Local\\Temp\\playwright-java-9941688918974833216\\package\\lib\\server\\frames.js:520:74\n    at Frame.raceNavigationAction (C:\\Users\\Aletca\\AppData\\Local\\Temp\\playwright-java-9941688918974833216\\package\\lib\\server\\frames.js:492:95)\n    at Frame._goto (C:\\Users\\Aletca\\AppData\\Local\\Temp\\playwright-java-9941688918974833216\\package\\lib\\server\\frames.js:520:17)\n    at C:\\Users\\Aletca\\AppData\\Local\\Temp\\playwright-java-9941688918974833216\\package\\lib\\server\\frames.js:517:44\n}\nCall log:\n- navigating to \"/login\", waiting until \"load\"\n","trace":"com.microsoft.playwright.PlaywrightException: Error {\n  message='Protocol error (Page.navigate): Cannot navigate to invalid URL\n  name='Error\n  stack='Error: Protocol error (Page.navigate): Cannot navigate to invalid URL\n    at C:\\Users\\Aletca\\AppData\\Local\\Temp\\playwright-java-9941688918974833216\\package\\lib\\server\\chromium\\crConnection.js:135:16\n    at new Promise (<anonymous>)\n    at CRSession.send (C:\\Users\\Aletca\\AppData\\Local\\Temp\\playwright-java-9941688918974833216\\package\\lib\\server\\chromium\\crConnection.js:131:12)\n    at FrameSession._navigate (C:\\Users\\Aletca\\AppData\\Local\\Temp\\playwright-java-9941688918974833216\\package\\lib\\server\\chromium\\crPage.js:502:41)\n    at CRPage.navigateFrame (C:\\Users\\Aletca\\AppData\\Local\\Temp\\playwright-java-9941688918974833216\\package\\lib\\server\\chromium\\crPage.js:157:41)\n    at Frame._gotoAction (C:\\Users\\Aletca\\AppData\\Local\\Temp\\playwright-java-9941688918974833216\\package\\lib\\server\\frames.js:534:55)\n    at C:\\Users\\Aletca\\AppData\\Local\\Temp\\playwright-java-9941688918974833216\\package\\lib\\server\\frames.js:520:74\n    at Frame.raceNavigationAction (C:\\Users\\Aletca\\AppData\\Local\\Temp\\playwright-java-9941688918974833216\\package\\lib\\server\\frames.js:492:95)\n    at Frame._goto (C:\\Users\\Aletca\\AppData\\Local\\Temp\\playwright-java-9941688918974833216\\package\\lib\\server\\frames.js:520:17)\n    at C:\\Users\\Aletca\\AppData\\Local\\Temp\\playwright-java-9941688918974833216\\package\\lib\\server\\frames.js:517:44\n}\nCall log:\n- navigating to \"/login\", waiting until \"load\"\n\r\n\tat com.microsoft.playwright.impl.WaitableResult.get(WaitableResult.java:54)\r\n\tat com.microsoft.playwright.impl.ChannelOwner.runUntil(ChannelOwner.java:120)\r\n\tat com.microsoft.playwright.impl.Connection.sendMessage(Connection.java:129)\r\n\tat com.microsoft.playwright.impl.ChannelOwner.sendMessage(ChannelOwner.java:106)\r\n\tat com.microsoft.playwright.impl.FrameImpl.navigateImpl(FrameImpl.java:463)\r\n\tat com.microsoft.playwright.impl.PageImpl.lambda$navigate$45(PageImpl.java:836)\r\n\tat com.microsoft.playwright.impl.LoggingSupport.withLogging(LoggingSupport.java:47)\r\n\tat com.microsoft.playwright.impl.ChannelOwner.withLogging(ChannelOwner.java:89)\r\n\tat com.microsoft.playwright.impl.PageImpl.navigate(PageImpl.java:836)\r\n\tat com.microsoft.playwright.impl.PageImpl.navigate(PageImpl.java:42)\r\n\tat com.microsoft.playwright.Page.navigate(Page.java:5305)\r\n\tat LoginPage.open(LoginPage.java:25)\r\n\tat TestDesign.lambda$successfulLoginWithValidCredentials$0(TestDesign.java:28)\r\n\tat io.qameta.allure.Allure.lambda$step$0(Allure.java:113)\r\n\tat io.qameta.allure.Allure.lambda$step$1(Allure.java:127)\r\n\tat io.qameta.allure.Allure.step(Allure.java:181)\r\n\tat io.qameta.allure.Allure.step(Allure.java:125)\r\n\tat io.qameta.allure.Allure.step(Allure.java:112)\r\n\tat TestDesign.successfulLoginWithValidCredentials(TestDesign.java:27)\r\n\tat java.base/jdk.internal.reflect.NativeMethodAccessorImpl.invoke0(Native Method)\r\n\tat java.base/jdk.internal.reflect.NativeMethodAccessorImpl.invoke(NativeMethodAccessorImpl.java:77)\r\n\tat java.base/jdk.internal.reflect.DelegatingMethodAccessorImpl.invoke(DelegatingMethodAccessorImpl.java:43)\r\n\tat java.base/java.lang.reflect.Method.invoke(Method.java:569)\r\n\tat org.junit.platform.commons.util.ReflectionUtils.invokeMethod(ReflectionUtils.java:728)\r\n\tat org.junit.jupiter.engine.execution.MethodInvocation.proceed(MethodInvocation.java:60)\r\n\tat org.junit.jupiter.engine.execution.InvocationInterceptorChain$ValidatingInvocation.proceed(InvocationInterceptorChain.java:131)\r\n\tat org.junit.jupiter.api.extension.InvocationInterceptor.interceptTestMethod(InvocationInterceptor.java:119)\r\n\tat org.junit.jupiter.engine.execution.InterceptingExecutableInvoker$ReflectiveInterceptorCall.lambda$ofVoidMethod$0(InterceptingExecutableInvoker.java:103)\r\n\tat org.junit.jupiter.engine.execution.InterceptingExecutableInvoker.lambda$invoke$0(InterceptingExecutableInvoker.java:93)\r\n\tat org.junit.jupiter.engine.execution.InvocationInterceptorChain$InterceptedInvocation.proceed(InvocationInterceptorChain.java:106)\r\n\tat org.junit.jupiter.engine.extension.TimeoutExtension.intercept(TimeoutExtension.java:156)\r\n\tat org.junit.jupiter.engine.extension.TimeoutExtension.interceptTestableMethod(TimeoutExtension.java:147)\r\n\tat org.junit.jupiter.engine.extension.TimeoutExtension.interceptTestMethod(TimeoutExtension.java:86)\r\n\tat org.junit.jupiter.engine.execution.InterceptingExecutableInvoker$ReflectiveInterceptorCall.lambda$ofVoidMethod$0(InterceptingExecutableInvoker.java:103)\r\n\tat org.junit.jupiter.engine.execution.InterceptingExecutableInvoker.lambda$invoke$0(InterceptingExecutableInvoker.java:93)\r\n\tat org.junit.jupiter.engine.execution.InvocationInterceptorChain$InterceptedInvocation.proceed(InvocationInterceptorChain.java:106)\r\n\tat org.junit.jupiter.engine.execution.InvocationInterceptorChain.proceed(InvocationInterceptorChain.java:64)\r\n\tat org.junit.jupiter.engine.execution.InvocationInterceptorChain.chainAndInvoke(InvocationInterceptorChain.java:45)\r\n\tat org.junit.jupiter.engine.execution.InvocationInterceptorChain.invoke(InvocationInterceptorChain.java:37)\r\n\tat org.junit.jupiter.engine.execution.InterceptingExecutableInvoker.invoke(InterceptingExecutableInvoker.java:92)\r\n\tat org.junit.jupiter.engine.execution.InterceptingExecutableInvoker.invoke(InterceptingExecutableInvoker.java:86)\r\n\tat org.junit.jupiter.engine.descriptor.TestMethodTestDescriptor.lambda$invokeTestMethod$7(TestMethodTestDescriptor.java:218)\r\n\tat org.junit.platform.engine.support.hierarchical.ThrowableCollector.execute(ThrowableCollector.java:73)\r\n\tat org.junit.jupiter.engine.descriptor.TestMethodTestDescriptor.invokeTestMethod(TestMethodTestDescriptor.java:214)\r\n\tat org.junit.jupiter.engine.descriptor.TestMethodTestDescriptor.execute(TestMethodTestDescriptor.java:139)\r\n\tat org.junit.jupiter.engine.descriptor.TestMethodTestDescriptor.execute(TestMethodTestDescriptor.java:69)\r\n\tat org.junit.platform.engine.support.hierarchical.NodeTestTask.lambda$executeRecursively$6(NodeTestTask.java:151)\r\n\tat org.junit.platform.engine.support.hierarchical.ThrowableCollector.execute(ThrowableCollector.java:73)\r\n\tat org.junit.platform.engine.support.hierarchical.NodeTestTask.lambda$executeRecursively$8(NodeTestTask.java:141)\r\n\tat org.junit.platform.engine.support.hierarchical.Node.around(Node.java:137)\r\n\tat org.junit.platform.engine.support.hierarchical.NodeTestTask.lambda$executeRecursively$9(NodeTestTask.java:139)\r\n\tat org.junit.platform.engine.support.hierarchical.ThrowableCollector.execute(ThrowableCollector.java:73)\r\n\tat org.junit.platform.engine.support.hierarchical.NodeTestTask.executeRecursively(NodeTestTask.java:138)\r\n\tat org.junit.platform.engine.support.hierarchical.NodeTestTask.execute(NodeTestTask.java:95)\r\n\tat java.base/java.util.ArrayList.forEach(ArrayList.java:1511)\r\n\tat org.junit.platform.engine.support.hierarchical.SameThreadHierarchicalTestExecutorService.invokeAll(SameThreadHierarchicalTestExecutorService.java:41)\r\n\tat org.junit.platform.engine.support.hierarchical.NodeTestTask.lambda$executeRecursively$6(NodeTestTask.java:155)\r\n\tat org.junit.platform.engine.support.hierarchical.ThrowableCollector.execute(ThrowableCollector.java:73)\r\n\tat org.junit.platform.engine.support.hierarchical.NodeTestTask.lambda$executeRecursively$8(NodeTestTask.java:141)\r\n\tat org.junit.platform.engine.support.hierarchical.Node.around(Node.java:137)\r\n\tat org.junit.platform.engine.support.hierarchical.NodeTestTask.lambda$executeRecursively$9(NodeTestTask.java:139)\r\n\tat org.junit.platform.engine.support.hierarchical.ThrowableCollector.execute(ThrowableCollector.java:73)\r\n\tat org.junit.platform.engine.support.hierarchical.NodeTestTask.executeRecursively(NodeTestTask.java:138)\r\n\tat org.junit.platform.engine.support.hierarchical.NodeTestTask.execute(NodeTestTask.java:95)\r\n\tat java.base/java.util.ArrayList.forEach(ArrayList.java:1511)\r\n\tat org.junit.platform.engine.support.hierarchical.SameThreadHierarchicalTestExecutorService.invokeAll(SameThreadHierarchicalTestExecutorService.java:41)\r\n\tat org.junit.platform.engine.support.hierarchical.NodeTestTask.lambda$executeRecursively$6(NodeTestTask.java:155)\r\n\tat org.junit.platform.engine.support.hierarchical.ThrowableCollector.execute(ThrowableCollector.java:73)\r\n\tat org.junit.platform.engine.support.hierarchical.NodeTestTask.lambda$executeRecursively$8(NodeTestTask.java:141)\r\n\tat org.junit.platform.engine.support.hierarchical.Node.around(Node.java:137)\r\n\tat org.junit.platform.engine.support.hierarchical.NodeTestTask.lambda$executeRecursively$9(NodeTestTask.java:139)\r\n\tat org.junit.platform.engine.support.hierarchical.ThrowableCollector.execute(ThrowableCollector.java:73)\r\n\tat org.junit.platform.engine.support.hierarchical.NodeTestTask.executeRecursively(NodeTestTask.java:138)\r\n\tat org.junit.platform.engine.support.hierarchical.NodeTestTask.execute(NodeTestTask.java:95)\r\n\tat org.junit.platform.engine.support.hierarchical.SameThreadHierarchicalTestExecutorService.submit(SameThreadHierarchicalTestExecutorService.java:35)\r\n\tat org.junit.platform.engine.support.hierarchical.HierarchicalTestExecutor.execute(HierarchicalTestExecutor.java:57)\r\n\tat org.junit.platform.engine.support.hierarchical.HierarchicalTestEngine.execute(HierarchicalTestEngine.java:54)\r\n\tat org.junit.platform.launcher.core.EngineExecutionOrchestrator.execute(EngineExecutionOrchestrator.java:147)\r\n\tat org.junit.platform.launcher.core.EngineExecutionOrchestrator.execute(EngineExecutionOrchestrator.java:127)\r\n\tat org.junit.platform.launcher.core.EngineExecutionOrchestrator.execute(EngineExecutionOrchestrator.java:90)\r\n\tat org.junit.platform.launcher.core.EngineExecutionOrchestrator.lambda$execute$0(EngineExecutionOrchestrator.java:55)\r\n\tat org.junit.platform.launcher.core.EngineExecutionOrchestrator.withInterceptedStreams(EngineExecutionOrchestrator.java:102)\r\n\tat org.junit.platform.launcher.core.EngineExecutionOrchestrator.execute(EngineExecutionOrchestrator.java:54)\r\n\tat org.junit.platform.launcher.core.DefaultLauncher.execute(DefaultLauncher.java:114)\r\n\tat org.junit.platform.launcher.core.DefaultLauncher.execute(DefaultLauncher.java:86)\r\n\tat org.junit.platform.launcher.core.DefaultLauncherSession$DelegatingLauncher.execute(DefaultLauncherSession.java:86)\r\n\tat org.junit.platform.launcher.core.SessionPerRequestLauncher.execute(SessionPerRequestLauncher.java:53)\r\n\tat com.intellij.junit5.JUnit5IdeaTestRunner.startRunnerWithArgs(JUnit5IdeaTestRunner.java:57)\r\n\tat com.intellij.rt.junit.IdeaTestRunner$Repeater$1.execute(IdeaTestRunner.java:38)\r\n\tat com.intellij.rt.execution.junit.TestsRepeater.repeat(TestsRepeater.java:11)\r\n\tat com.intellij.rt.junit.IdeaTestRunner$Repeater.startRunnerWithArgs(IdeaTestRunner.java:35)\r\n\tat com.intellij.rt.junit.JUnitStarter.prepareStreamsAndStart(JUnitStarter.java:231)\r\n\tat com.intellij.rt.junit.JUnitStarter.main(JUnitStarter.java:55)\r\nCaused by: com.microsoft.playwright.impl.DriverException: Error {\n  message='Protocol error (Page.navigate): Cannot navigate to invalid URL\n  name='Error\n  stack='Error: Protocol error (Page.navigate): Cannot navigate to invalid URL\n    at C:\\Users\\Aletca\\AppData\\Local\\Temp\\playwright-java-9941688918974833216\\package\\lib\\server\\chromium\\crConnection.js:135:16\n    at new Promise (<anonymous>)\n    at CRSession.send (C:\\Users\\Aletca\\AppData\\Local\\Temp\\playwright-java-9941688918974833216\\package\\lib\\server\\chromium\\crConnection.js:131:12)\n    at FrameSession._navigate (C:\\Users\\Aletca\\AppData\\Local\\Temp\\playwright-java-9941688918974833216\\package\\lib\\server\\chromium\\crPage.js:502:41)\n    at CRPage.navigateFrame (C:\\Users\\Aletca\\AppData\\Local\\Temp\\playwright-java-9941688918974833216\\package\\lib\\server\\chromium\\crPage.js:157:41)\n    at Frame._gotoAction (C:\\Users\\Aletca\\AppData\\Local\\Temp\\playwright-java-9941688918974833216\\package\\lib\\server\\frames.js:534:55)\n    at C:\\Users\\Aletca\\AppData\\Local\\Temp\\playwright-java-9941688918974833216\\package\\lib\\server\\frames.js:520:74\n    at Frame.raceNavigationAction (C:\\Users\\Aletca\\AppData\\Local\\Temp\\playwright-java-9941688918974833216\\package\\lib\\server\\frames.js:492:95)\n    at Frame._goto (C:\\Users\\Aletca\\AppData\\Local\\Temp\\playwright-java-9941688918974833216\\package\\lib\\server\\frames.js:520:17)\n    at C:\\Users\\Aletca\\AppData\\Local\\Temp\\playwright-java-9941688918974833216\\package\\lib\\server\\frames.js:517:44\n}\nCall log:\n- navigating to \"/login\", waiting until \"load\"\n\r\n\tat com.microsoft.playwright.impl.Connection.dispatch(Connection.java:257)\r\n\tat com.microsoft.playwright.impl.Connection.processOneMessage(Connection.java:209)\r\n\tat com.microsoft.playwright.impl.ChannelOwner.runUntil(ChannelOwner.java:118)\r\n\t... 91 more\r\n"},"stage":"finished","description":"","steps":[{"name":"Открыть страницу логина","status":"broken","statusDetails":{"known":false,"muted":false,"flaky":false,"message":"Error {\n  message='Protocol error (Page.navigate): Cannot navigate to invalid URL\n  name='Error\n  stack='Error: Protocol error (Page.navigate): Cannot navigate to invalid URL\n    at C:\\Users\\Aletca\\AppData\\Local\\Temp\\playwright-java-9941688918974833216\\package\\lib\\server\\chromium\\crConnection.js:135:16\n    at new Promise (<anonymous>)\n    at CRSession.send (C:\\Users\\Aletca\\AppData\\Local\\Temp\\playwright-java-9941688918974833216\\package\\lib\\server\\chromium\\crConnection.js:131:12)\n    at FrameSession._navigate (C:\\Users\\Aletca\\AppData\\Local\\Temp\\playwright-java-9941688918974833216\\package\\lib\\server\\chromium\\crPage.js:502:41)\n    at CRPage.navigateFrame (C:\\Users\\Aletca\\AppData\\Local\\Temp\\playwright-java-9941688918974833216\\package\\lib\\server\\chromium\\crPage.js:157:41)\n    at Frame._gotoAction (C:\\Users\\Aletca\\AppData\\Local\\Temp\\playwright-java-9941688918974833216\\package\\lib\\server\\frames.js:534:55)\n    at C:\\Users\\Aletca\\AppData\\Local\\Temp\\playwright-java-9941688918974833216\\package\\lib\\server\\frames.js:520:74\n    at Frame.raceNavigationAction (C:\\Users\\Aletca\\AppData\\Local\\Temp\\playwright-java-9941688918974833216\\package\\lib\\server\\frames.js:492:95)\n    at Frame._goto (C:\\Users\\Aletca\\AppData\\Local\\Temp\\playwright-java-9941688918974833216\\package\\lib\\server\\frames.js:520:17)\n    at C:\\Users\\Aletca\\AppData\\Local\\Temp\\playwright-java-9941688918974833216\\package\\lib\\server\\frames.js:517:44\n}\nCall log:\n- navigating to \"/login\", waiting until \"load\"\n","trace":"com.microsoft.playwright.PlaywrightException: Error {\n  message='Protocol error (Page.navigate): Cannot navigate to invalid URL\n  name='Error\n  stack='Error: Protocol error (Page.navigate): Cannot navigate to invalid URL\n    at C:\\Users\\Aletca\\AppData\\Local\\Temp\\playwright-java-9941688918974833216\\package\\lib\\server\\chromium\\crConnection.js:135:16\n    at new Promise (<anonymous>)\n    at CRSession.send (C:\\Users\\Aletca\\AppData\\Local\\Temp\\playwright-java-9941688918974833216\\package\\lib\\server\\chromium\\crConnection.js:131:12)\n    at FrameSession._navigate (C:\\Users\\Aletca\\AppData\\Local\\Temp\\playwright-java-9941688918974833216\\package\\lib\\server\\chromium\\crPage.js:502:41)\n    at CRPage.navigateFrame (C:\\Users\\Aletca\\AppData\\Local\\Temp\\playwright-java-9941688918974833216\\package\\lib\\server\\chromium\\crPage.js:157:41)\n    at Frame._gotoAction (C:\\Users\\Aletca\\AppData\\Local\\Temp\\playwright-java-9941688918974833216\\package\\lib\\server\\frames.js:534:55)\n    at C:\\Users\\Aletca\\AppData\\Local\\Temp\\playwright-java-9941688918974833216\\package\\lib\\server\\frames.js:520:74\n    at Frame.raceNavigationAction (C:\\Users\\Aletca\\AppData\\Local\\Temp\\playwright-java-9941688918974833216\\package\\lib\\server\\frames.js:492:95)\n    at Frame._goto (C:\\Users\\Aletca\\AppData\\Local\\Temp\\playwright-java-9941688918974833216\\package\\lib\\server\\frames.js:520:17)\n    at C:\\Users\\Aletca\\AppData\\Local\\Temp\\playwright-java-9941688918974833216\\package\\lib\\server\\frames.js:517:44\n}\nCall log:\n- navigating to \"/login\", waiting until \"load\"\n\r\n\tat com.microsoft.playwright.impl.WaitableResult.get(WaitableResult.java:54)\r\n\tat com.microsoft.playwright.impl.ChannelOwner.runUntil(ChannelOwner.java:120)\r\n\tat com.microsoft.playwright.impl.Connection.sendMessage(Connection.java:129)\r\n\tat com.microsoft.playwright.impl.ChannelOwner.sendMessage(ChannelOwner.java:106)\r\n\tat com.microsoft.playwright.impl.FrameImpl.navigateImpl(FrameImpl.java:463)\r\n\tat com.microsoft.playwright.impl.PageImpl.lambda$navigate$45(PageImpl.java:836)\r\n\tat com.microsoft.playwright.impl.LoggingSupport.withLogging(LoggingSupport.java:47)\r\n\tat com.microsoft.playwright.impl.ChannelOwner.withLogging(ChannelOwner.java:89)\r\n\tat com.microsoft.playwright.impl.PageImpl.navigate(PageImpl.java:836)\r\n\tat com.microsoft.playwright.impl.PageImpl.navigate(PageImpl.java:42)\r\n\tat com.microsoft.playwright.Page.navigate(Page.java:5305)\r\n\tat LoginPage.open(LoginPage.java:25)\r\n\tat TestDesign.lambda$successfulLoginWithValidCredentials$0(TestDesign.java:28)\r\n\tat io.qameta.allure.Allure.lambda$step$0(Allure.java:113)\r\n\tat io.qameta.allure.Allure.lambda$step$1(Allure.java:127)\r\n\tat io.qameta.allure.Allure.step(Allure.java:181)\r\n\tat io.qameta.allure.Allure.step(Allure.java:125)\r\n\tat io.qameta.allure.Allure.step(Allure.java:112)\r\n\tat TestDesign.successfulLoginWithValidCredentials(TestDesign.java:27)\r\n\tat java.base/jdk.internal.reflect.NativeMethodAccessorImpl.invoke0(Native Method)\r\n\tat java.base/jdk.internal.reflect.NativeMethodAccessorImpl.invoke(NativeMethodAccessorImpl.java:77)\r\n\tat java.base/jdk.internal.reflect.DelegatingMethodAccessorImpl.invoke(DelegatingMethodAccessorImpl.java:43)\r\n\tat java.base/java.lang.reflect.Method.invoke(Method.java:569)\r\n\tat org.junit.platform.commons.util.ReflectionUtils.invokeMethod(ReflectionUtils.java:728)\r\n\tat org.junit.jupiter.engine.execution.MethodInvocation.proceed(MethodInvocation.java:60)\r\n\tat org.junit.jupiter.engine.execution.InvocationInterceptorChain$ValidatingInvocation.proceed(InvocationInterceptorChain.java:131)\r\n\tat org.junit.jupiter.api.extension.InvocationInterceptor.interceptTestMethod(InvocationInterceptor.java:119)\r\n\tat org.junit.jupiter.engine.execution.InterceptingExecutableInvoker$ReflectiveInterceptorCall.lambda$ofVoidMethod$0(InterceptingExecutableInvoker.java:103)\r\n\tat org.junit.jupiter.engine.execution.InterceptingExecutableInvoker.lambda$invoke$0(InterceptingExecutableInvoker.java:93)\r\n\tat org.junit.jupiter.engine.execution.InvocationInterceptorChain$InterceptedInvocation.proceed(InvocationInterceptorChain.java:106)\r\n\tat org.junit.jupiter.engine.extension.TimeoutExtension.intercept(TimeoutExtension.java:156)\r\n\tat org.junit.jupiter.engine.extension.TimeoutExtension.interceptTestableMethod(TimeoutExtension.java:147)\r\n\tat org.junit.jupiter.engine.extension.TimeoutExtension.interceptTestMethod(TimeoutExtension.java:86)\r\n\tat org.junit.jupiter.engine.execution.InterceptingExecutableInvoker$ReflectiveInterceptorCall.lambda$ofVoidMethod$0(InterceptingExecutableInvoker.java:103)\r\n\tat org.junit.jupiter.engine.execution.InterceptingExecutableInvoker.lambda$invoke$0(InterceptingExecutableInvoker.java:93)\r\n\tat org.junit.jupiter.engine.execution.InvocationInterceptorChain$InterceptedInvocation.proceed(InvocationInterceptorChain.java:106)\r\n\tat org.junit.jupiter.engine.execution.InvocationInterceptorChain.proceed(InvocationInterceptorChain.java:64)\r\n\tat org.junit.jupiter.engine.execution.InvocationInterceptorChain.chainAndInvoke(InvocationInterceptorChain.java:45)\r\n\tat org.junit.jupiter.engine.execution.InvocationInterceptorChain.invoke(InvocationInterceptorChain.java:37)\r\n\tat org.junit.jupiter.engine.execution.InterceptingExecutableInvoker.invoke(InterceptingExecutableInvoker.java:92)\r\n\tat org.junit.jupiter.engine.execution.InterceptingExecutableInvoker.invoke(InterceptingExecutableInvoker.java:86)\r\n\tat org.junit.jupiter.engine.descriptor.TestMethodTestDescriptor.lambda$invokeTestMethod$7(TestMethodTestDescriptor.java:218)\r\n\tat org.junit.platform.engine.support.hierarchical.ThrowableCollector.execute(ThrowableCollector.java:73)\r\n\tat org.junit.jupiter.engine.descriptor.TestMethodTestDescriptor.invokeTestMethod(TestMethodTestDescriptor.java:214)\r\n\tat org.junit.jupiter.engine.descriptor.TestMethodTestDescriptor.execute(TestMethodTestDescriptor.java:139)\r\n\tat org.junit.jupiter.engine.descriptor.TestMethodTestDescriptor.execute(TestMethodTestDescriptor.java:69)\r\n\tat org.junit.platform.engine.support.hierarchical.NodeTestTask.lambda$executeRecursively$6(NodeTestTask.java:151)\r\n\tat org.junit.platform.engine.support.hierarchical.ThrowableCollector.execute(ThrowableCollector.java:73)\r\n\tat org.junit.platform.engine.support.hierarchical.NodeTestTask.lambda$executeRecursively$8(NodeTestTask.java:141)\r\n\tat org.junit.platform.engine.support.hierarchical.Node.around(Node.java:137)\r\n\tat org.junit.platform.engine.support.hierarchical.NodeTestTask.lambda$executeRecursively$9(NodeTestTask.java:139)\r\n\tat org.junit.platform.engine.support.hierarchical.ThrowableCollector.execute(ThrowableCollector.java:73)\r\n\tat org.junit.platform.engine.support.hierarchical.NodeTestTask.executeRecursively(NodeTestTask.java:138)\r\n\tat org.junit.platform.engine.support.hierarchical.NodeTestTask.execute(NodeTestTask.java:95)\r\n\tat java.base/java.util.ArrayList.forEach(ArrayList.java:1511)\r\n\tat org.junit.platform.engine.support.hierarchical.SameThreadHierarchicalTestExecutorService.invokeAll(SameThreadHierarchicalTestExecutorService.java:41)\r\n\tat org.junit.platform.engine.support.hierarchical.NodeTestTask.lambda$executeRecursively$6(NodeTestTask.java:155)\r\n\tat org.junit.platform.engine.support.hierarchical.ThrowableCollector.execute(ThrowableCollector.java:73)\r\n\tat org.junit.platform.engine.support.hierarchical.NodeTestTask.lambda$executeRecursively$8(NodeTestTask.java:141)\r\n\tat org.junit.platform.engine.support.hierarchical.Node.around(Node.java:137)\r\n\tat org.junit.platform.engine.support.hierarchical.NodeTestTask.lambda$executeRecursively$9(NodeTestTask.java:139)\r\n\tat org.junit.platform.engine.support.hierarchical.ThrowableCollector.execute(ThrowableCollector.java:73)\r\n\tat org.junit.platform.engine.support.hierarchical.NodeTestTask.executeRecursively(NodeTestTask.java:138)\r\n\tat org.junit.platform.engine.support.hierarchical.NodeTestTask.execute(NodeTestTask.java:95)\r\n\tat java.base/java.util.ArrayList.forEach(ArrayList.java:1511)\r\n\tat org.junit.platform.engine.support.hierarchical.SameThreadHierarchicalTestExecutorService.invokeAll(SameThreadHierarchicalTestExecutorService.java:41)\r\n\tat org.junit.platform.engine.support.hierarchical.NodeTestTask.lambda$executeRecursively$6(NodeTestTask.java:155)\r\n\tat org.junit.platform.engine.support.hierarchical.ThrowableCollector.execute(ThrowableCollector.java:73)\r\n\tat org.junit.platform.engine.support.hierarchical.NodeTestTask.lambda$executeRecursively$8(NodeTestTask.java:141)\r\n\tat org.junit.platform.engine.support.hierarchical.Node.around(Node.java:137)\r\n\tat org.junit.platform.engine.support.hierarchical.NodeTestTask.lambda$executeRecursively$9(NodeTestTask.java:139)\r\n\tat org.junit.platform.engine.support.hierarchical.ThrowableCollector.execute(ThrowableCollector.java:73)\r\n\tat org.junit.platform.engine.support.hierarchical.NodeTestTask.executeRecursively(NodeTestTask.java:138)\r\n\tat org.junit.platform.engine.support.hierarchical.NodeTestTask.execute(NodeTestTask.java:95)\r\n\tat org.junit.platform.engine.support.hierarchical.SameThreadHierarchicalTestExecutorService.submit(SameThreadHierarchicalTestExecutorService.java:35)\r\n\tat org.junit.platform.engine.support.hierarchical.HierarchicalTestExecutor.execute(HierarchicalTestExecutor.java:57)\r\n\tat org.junit.platform.engine.support.hierarchical.HierarchicalTestEngine.execute(HierarchicalTestEngine.java:54)\r\n\tat org.junit.platform.launcher.core.EngineExecutionOrchestrator.execute(EngineExecutionOrchestrator.java:147)\r\n\tat org.junit.platform.launcher.core.EngineExecutionOrchestrator.execute(EngineExecutionOrchestrator.java:127)\r\n\tat org.junit.platform.launcher.core.EngineExecutionOrchestrator.execute(EngineExecutionOrchestrator.java:90)\r\n\tat org.junit.platform.launcher.core.EngineExecutionOrchestrator.lambda$execute$0(EngineExecutionOrchestrator.java:55)\r\n\tat org.junit.platform.launcher.core.EngineExecutionOrchestrator.withInterceptedStreams(EngineExecutionOrchestrator.java:102)\r\n\tat org.junit.platform.launcher.core.EngineExecutionOrchestrator.execute(EngineExecutionOrchestrator.java:54)\r\n\tat org.junit.platform.launcher.core.DefaultLauncher.execute(DefaultLauncher.java:114)\r\n\tat org.junit.platform.launcher.core.DefaultLauncher.execute(DefaultLauncher.java:86)\r\n\tat org.junit.platform.launcher.core.DefaultLauncherSession$DelegatingLauncher.execute(DefaultLauncherSession.java:86)\r\n\tat org.junit.platform.launcher.core.SessionPerRequestLauncher.execute(SessionPerRequestLauncher.java:53)\r\n\tat com.intellij.junit5.JUnit5IdeaTestRunner.startRunnerWithArgs(JUnit5IdeaTestRunner.java:57)\r\n\tat com.intellij.rt.junit.IdeaTestRunner$Repeater$1.execute(IdeaTestRunner.java:38)\r\n\tat com.intellij.rt.execution.junit.TestsRepeater.repeat(TestsRepeater.java:11)\r\n\tat com.intellij.rt.junit.IdeaTestRunner$Repeater.startRunnerWithArgs(IdeaTestRunner.java:35)\r\n\tat com.intellij.rt.junit.JUnitStarter.prepareStreamsAndStart(JUnitStarter.java:231)\r\n\tat com.intellij.rt.junit.JUnitStarter.main(JUnitStarter.java:55)\r\nCaused by: com.microsoft.playwright.impl.DriverException: Error {\n  message='Protocol error (Page.navigate): Cannot navigate to invalid URL\n  name='Error\n  stack='Error: Protocol error (Page.navigate): Cannot navigate to invalid URL\n    at C:\\Users\\Aletca\\AppData\\Local\\Temp\\playwright-java-9941688918974833216\\package\\lib\\server\\chromium\\crConnection.js:135:16\n    at new Promise (<anonymous>)\n    at CRSession.send (C:\\Users\\Aletca\\AppData\\Local\\Temp\\playwright-java-9941688918974833216\\package\\lib\\server\\chromium\\crConnection.js:131:12)\n    at FrameSession._navigate (C:\\Users\\Aletca\\AppData\\Local\\Temp\\playwright-java-9941688918974833216\\package\\lib\\server\\chromium\\crPage.js:502:41)\n    at CRPage.navigateFrame (C:\\Users\\Aletca\\AppData\\Local\\Temp\\playwright-java-9941688918974833216\\package\\lib\\server\\chromium\\crPage.js:157:41)\n    at Frame._gotoAction (C:\\Users\\Aletca\\AppData\\Local\\Temp\\playwright-java-9941688918974833216\\package\\lib\\server\\frames.js:534:55)\n    at C:\\Users\\Aletca\\AppData\\Local\\Temp\\playwright-java-9941688918974833216\\package\\lib\\server\\frames.js:520:74\n    at Frame.raceNavigationAction (C:\\Users\\Aletca\\AppData\\Local\\Temp\\playwright-java-9941688918974833216\\package\\lib\\server\\frames.js:492:95)\n    at Frame._goto (C:\\Users\\Aletca\\AppData\\Local\\Temp\\playwright-java-9941688918974833216\\package\\lib\\server\\frames.js:520:17)\n    at C:\\Users\\Aletca\\AppData\\Local\\Temp\\playwright-java-9941688918974833216\\package\\lib\\server\\frames.js:517:44\n}\nCall log:\n- navigating to \"/login\", waiting until \"load\"\n\r\n\tat com.microsoft.playwright.impl.Connection.dispatch(Connection.java:257)\r\n\tat com.microsoft.playwright.impl.Connection.processOneMessage(Connection.java:209)\r\n\tat com.microsoft.playwright.impl.ChannelOwner.runUntil(ChannelOwner.java:118)\r\n\t... 91 more\r\n"},"stage":"finished","steps":[],"attachments":[],"parameters":[],"start":1766171159851,"stop":1766171159855}],"attachments":[],"parameters":[],"start":1766171157177,"stop":1766171159859}